<?xml version="1.0" encoding="UTF-8"?>
<testsuite xmlns:xsi="http://www.w3.org/2001/XMLSchema-instance" xsi:noNamespaceSchemaLocation="https://maven.apache.org/surefire/maven-surefire-plugin/xsd/surefire-test-report-3.0.xsd" version="3.0" name="TestSuite" time="9.826" tests="4" errors="0" skipped="0" failures="0">
  <properties>
    <property name="sun.desktop" value="windows"/>
    <property name="awt.toolkit" value="sun.awt.windows.WToolkit"/>
    <property name="java.specification.version" value="11"/>
    <property name="sun.cpu.isalist" value="amd64"/>
    <property name="sun.jnu.encoding" value="Cp1252"/>
    <property name="java.class.path" value="D:\DummyProj\PetStoreAutomation\target\test-classes;D:\DummyProj\PetStoreAutomation\target\classes;C:\Users\Archents\.m2\repository\io\rest-assured\rest-assured\5.4.0\rest-assured-5.4.0.jar;C:\Users\Archents\.m2\repository\org\apache\groovy\groovy\4.0.16\groovy-4.0.16.jar;C:\Users\Archents\.m2\repository\org\apache\groovy\groovy-xml\4.0.16\groovy-xml-4.0.16.jar;C:\Users\Archents\.m2\repository\org\apache\httpcomponents\httpclient\4.5.13\httpclient-4.5.13.jar;C:\Users\Archents\.m2\repository\org\apache\httpcomponents\httpcore\4.4.13\httpcore-4.4.13.jar;C:\Users\Archents\.m2\repository\commons-logging\commons-logging\1.2\commons-logging-1.2.jar;C:\Users\Archents\.m2\repository\org\apache\httpcomponents\httpmime\4.5.13\httpmime-4.5.13.jar;C:\Users\Archents\.m2\repository\org\hamcrest\hamcrest\2.2\hamcrest-2.2.jar;C:\Users\Archents\.m2\repository\org\ccil\cowan\tagsoup\tagsoup\1.2.1\tagsoup-1.2.1.jar;C:\Users\Archents\.m2\repository\io\rest-assured\json-path\5.4.0\json-path-5.4.0.jar;C:\Users\Archents\.m2\repository\org\apache\groovy\groovy-json\4.0.16\groovy-json-4.0.16.jar;C:\Users\Archents\.m2\repository\io\rest-assured\rest-assured-common\5.4.0\rest-assured-common-5.4.0.jar;C:\Users\Archents\.m2\repository\io\rest-assured\xml-path\5.4.0\xml-path-5.4.0.jar;C:\Users\Archents\.m2\repository\org\apache\commons\commons-lang3\3.11\commons-lang3-3.11.jar;C:\Users\Archents\.m2\repository\io\rest-assured\json-schema-validator\5.4.0\json-schema-validator-5.4.0.jar;C:\Users\Archents\.m2\repository\com\github\java-json-tools\json-schema-validator\2.2.14\json-schema-validator-2.2.14.jar;C:\Users\Archents\.m2\repository\com\github\java-json-tools\jackson-coreutils-equivalence\1.0\jackson-coreutils-equivalence-1.0.jar;C:\Users\Archents\.m2\repository\com\github\java-json-tools\jackson-coreutils\2.0\jackson-coreutils-2.0.jar;C:\Users\Archents\.m2\repository\com\github\java-json-tools\msg-simple\1.2\msg-simple-1.2.jar;C:\Users\Archents\.m2\repository\com\github\java-json-tools\btf\1.3\btf-1.3.jar;C:\Users\Archents\.m2\repository\com\github\java-json-tools\json-schema-core\1.2.14\json-schema-core-1.2.14.jar;C:\Users\Archents\.m2\repository\com\github\java-json-tools\uri-template\0.10\uri-template-0.10.jar;C:\Users\Archents\.m2\repository\org\mozilla\rhino\1.7.7.2\rhino-1.7.7.2.jar;C:\Users\Archents\.m2\repository\com\sun\mail\mailapi\1.6.2\mailapi-1.6.2.jar;C:\Users\Archents\.m2\repository\joda-time\joda-time\2.10.5\joda-time-2.10.5.jar;C:\Users\Archents\.m2\repository\com\googlecode\libphonenumber\libphonenumber\8.11.1\libphonenumber-8.11.1.jar;C:\Users\Archents\.m2\repository\com\google\code\findbugs\jsr305\3.0.2\jsr305-3.0.2.jar;C:\Users\Archents\.m2\repository\net\sf\jopt-simple\jopt-simple\5.0.4\jopt-simple-5.0.4.jar;C:\Users\Archents\.m2\repository\com\google\guava\guava\32.0.1-jre\guava-32.0.1-jre.jar;C:\Users\Archents\.m2\repository\com\google\guava\failureaccess\1.0.1\failureaccess-1.0.1.jar;C:\Users\Archents\.m2\repository\com\google\guava\listenablefuture\9999.0-empty-to-avoid-conflict-with-guava\listenablefuture-9999.0-empty-to-avoid-conflict-with-guava.jar;C:\Users\Archents\.m2\repository\org\checkerframework\checker-qual\3.33.0\checker-qual-3.33.0.jar;C:\Users\Archents\.m2\repository\com\google\errorprone\error_prone_annotations\2.18.0\error_prone_annotations-2.18.0.jar;C:\Users\Archents\.m2\repository\com\google\j2objc\j2objc-annotations\2.8\j2objc-annotations-2.8.jar;C:\Users\Archents\.m2\repository\com\github\scribejava\scribejava-apis\8.3.3\scribejava-apis-8.3.3.jar;C:\Users\Archents\.m2\repository\com\github\scribejava\scribejava-core\8.3.3\scribejava-core-8.3.3.jar;C:\Users\Archents\.m2\repository\com\github\scribejava\scribejava-java8\8.3.3\scribejava-java8-8.3.3.jar;C:\Users\Archents\.m2\repository\org\testng\testng\7.9.0\testng-7.9.0.jar;C:\Users\Archents\.m2\repository\org\slf4j\slf4j-api\1.7.36\slf4j-api-1.7.36.jar;C:\Users\Archents\.m2\repository\com\beust\jcommander\1.82\jcommander-1.82.jar;C:\Users\Archents\.m2\repository\org\webjars\jquery\3.7.1\jquery-3.7.1.jar;C:\Users\Archents\.m2\repository\com\fasterxml\jackson\core\jackson-core\2.16.1\jackson-core-2.16.1.jar;C:\Users\Archents\.m2\repository\com\fasterxml\jackson\core\jackson-annotations\2.16.1\jackson-annotations-2.16.1.jar;C:\Users\Archents\.m2\repository\com\fasterxml\jackson\core\jackson-databind\2.16.1\jackson-databind-2.16.1.jar;C:\Users\Archents\.m2\repository\org\json\json\20240205\json-20240205.jar;C:\Users\Archents\.m2\repository\com\github\javafaker\javafaker\1.0.2\javafaker-1.0.2.jar;C:\Users\Archents\.m2\repository\org\yaml\snakeyaml\1.23\snakeyaml-1.23-android.jar;C:\Users\Archents\.m2\repository\com\github\mifmif\generex\1.0.2\generex-1.0.2.jar;C:\Users\Archents\.m2\repository\dk\brics\automaton\automaton\1.11-8\automaton-1.11-8.jar;C:\Users\Archents\.m2\repository\com\aventstack\extentreports\5.1.1\extentreports-5.1.1.jar;C:\Users\Archents\.m2\repository\io\reactivex\rxjava3\rxjava\3.1.6\rxjava-3.1.6.jar;C:\Users\Archents\.m2\repository\org\reactivestreams\reactive-streams\1.0.4\reactive-streams-1.0.4.jar;C:\Users\Archents\.m2\repository\org\freemarker\freemarker\2.3.32\freemarker-2.3.32.jar;C:\Users\Archents\.m2\repository\org\projectlombok\lombok\1.18.26\lombok-1.18.26.jar;C:\Users\Archents\.m2\repository\com\google\code\gson\gson\2.10.1\gson-2.10.1.jar;C:\Users\Archents\.m2\repository\org\apache\poi\poi\5.2.5\poi-5.2.5.jar;C:\Users\Archents\.m2\repository\commons-codec\commons-codec\1.16.0\commons-codec-1.16.0.jar;C:\Users\Archents\.m2\repository\org\apache\commons\commons-collections4\4.4\commons-collections4-4.4.jar;C:\Users\Archents\.m2\repository\org\apache\commons\commons-math3\3.6.1\commons-math3-3.6.1.jar;C:\Users\Archents\.m2\repository\commons-io\commons-io\2.15.0\commons-io-2.15.0.jar;C:\Users\Archents\.m2\repository\com\zaxxer\SparseBitSet\1.3\SparseBitSet-1.3.jar;C:\Users\Archents\.m2\repository\org\apache\poi\poi-ooxml\5.2.5\poi-ooxml-5.2.5.jar;C:\Users\Archents\.m2\repository\org\apache\poi\poi-ooxml-lite\5.2.5\poi-ooxml-lite-5.2.5.jar;C:\Users\Archents\.m2\repository\org\apache\xmlbeans\xmlbeans\5.2.0\xmlbeans-5.2.0.jar;C:\Users\Archents\.m2\repository\org\apache\commons\commons-compress\1.25.0\commons-compress-1.25.0.jar;C:\Users\Archents\.m2\repository\com\github\virtuald\curvesapi\1.08\curvesapi-1.08.jar;C:\Users\Archents\.m2\repository\org\apache\logging\log4j\log4j-api\2.23.1\log4j-api-2.23.1.jar;C:\Users\Archents\.m2\repository\org\apache\logging\log4j\log4j-core\2.23.1\log4j-core-2.23.1.jar;"/>
    <property name="java.vm.vendor" value="Oracle Corporation"/>
    <property name="sun.arch.data.model" value="64"/>
    <property name="user.variant" value=""/>
    <property name="java.vendor.url" value="https://openjdk.java.net/"/>
    <property name="user.timezone" value="Asia/Calcutta"/>
    <property name="java.vm.specification.version" value="11"/>
    <property name="os.name" value="Windows 10"/>
    <property name="sun.java.launcher" value="SUN_STANDARD"/>
    <property name="user.country" value="IN"/>
    <property name="sun.boot.library.path" value="C:\Program Files\Java\jdk-11.0.13\bin"/>
    <property name="sun.java.command" value="C:\Users\Archents\AppData\Local\Temp\surefire4179723974627216744\surefirebooter-20240608153212727_3.jar C:\Users\Archents\AppData\Local\Temp\surefire4179723974627216744 2024-06-08T15-32-12_475-jvmRun1 surefire-20240608153212727_1tmp surefire_0-20240608153212727_2tmp"/>
    <property name="jdk.debug" value="release"/>
    <property name="surefire.test.class.path" value="D:\DummyProj\PetStoreAutomation\target\test-classes;D:\DummyProj\PetStoreAutomation\target\classes;C:\Users\Archents\.m2\repository\io\rest-assured\rest-assured\5.4.0\rest-assured-5.4.0.jar;C:\Users\Archents\.m2\repository\org\apache\groovy\groovy\4.0.16\groovy-4.0.16.jar;C:\Users\Archents\.m2\repository\org\apache\groovy\groovy-xml\4.0.16\groovy-xml-4.0.16.jar;C:\Users\Archents\.m2\repository\org\apache\httpcomponents\httpclient\4.5.13\httpclient-4.5.13.jar;C:\Users\Archents\.m2\repository\org\apache\httpcomponents\httpcore\4.4.13\httpcore-4.4.13.jar;C:\Users\Archents\.m2\repository\commons-logging\commons-logging\1.2\commons-logging-1.2.jar;C:\Users\Archents\.m2\repository\org\apache\httpcomponents\httpmime\4.5.13\httpmime-4.5.13.jar;C:\Users\Archents\.m2\repository\org\hamcrest\hamcrest\2.2\hamcrest-2.2.jar;C:\Users\Archents\.m2\repository\org\ccil\cowan\tagsoup\tagsoup\1.2.1\tagsoup-1.2.1.jar;C:\Users\Archents\.m2\repository\io\rest-assured\json-path\5.4.0\json-path-5.4.0.jar;C:\Users\Archents\.m2\repository\org\apache\groovy\groovy-json\4.0.16\groovy-json-4.0.16.jar;C:\Users\Archents\.m2\repository\io\rest-assured\rest-assured-common\5.4.0\rest-assured-common-5.4.0.jar;C:\Users\Archents\.m2\repository\io\rest-assured\xml-path\5.4.0\xml-path-5.4.0.jar;C:\Users\Archents\.m2\repository\org\apache\commons\commons-lang3\3.11\commons-lang3-3.11.jar;C:\Users\Archents\.m2\repository\io\rest-assured\json-schema-validator\5.4.0\json-schema-validator-5.4.0.jar;C:\Users\Archents\.m2\repository\com\github\java-json-tools\json-schema-validator\2.2.14\json-schema-validator-2.2.14.jar;C:\Users\Archents\.m2\repository\com\github\java-json-tools\jackson-coreutils-equivalence\1.0\jackson-coreutils-equivalence-1.0.jar;C:\Users\Archents\.m2\repository\com\github\java-json-tools\jackson-coreutils\2.0\jackson-coreutils-2.0.jar;C:\Users\Archents\.m2\repository\com\github\java-json-tools\msg-simple\1.2\msg-simple-1.2.jar;C:\Users\Archents\.m2\repository\com\github\java-json-tools\btf\1.3\btf-1.3.jar;C:\Users\Archents\.m2\repository\com\github\java-json-tools\json-schema-core\1.2.14\json-schema-core-1.2.14.jar;C:\Users\Archents\.m2\repository\com\github\java-json-tools\uri-template\0.10\uri-template-0.10.jar;C:\Users\Archents\.m2\repository\org\mozilla\rhino\1.7.7.2\rhino-1.7.7.2.jar;C:\Users\Archents\.m2\repository\com\sun\mail\mailapi\1.6.2\mailapi-1.6.2.jar;C:\Users\Archents\.m2\repository\joda-time\joda-time\2.10.5\joda-time-2.10.5.jar;C:\Users\Archents\.m2\repository\com\googlecode\libphonenumber\libphonenumber\8.11.1\libphonenumber-8.11.1.jar;C:\Users\Archents\.m2\repository\com\google\code\findbugs\jsr305\3.0.2\jsr305-3.0.2.jar;C:\Users\Archents\.m2\repository\net\sf\jopt-simple\jopt-simple\5.0.4\jopt-simple-5.0.4.jar;C:\Users\Archents\.m2\repository\com\google\guava\guava\32.0.1-jre\guava-32.0.1-jre.jar;C:\Users\Archents\.m2\repository\com\google\guava\failureaccess\1.0.1\failureaccess-1.0.1.jar;C:\Users\Archents\.m2\repository\com\google\guava\listenablefuture\9999.0-empty-to-avoid-conflict-with-guava\listenablefuture-9999.0-empty-to-avoid-conflict-with-guava.jar;C:\Users\Archents\.m2\repository\org\checkerframework\checker-qual\3.33.0\checker-qual-3.33.0.jar;C:\Users\Archents\.m2\repository\com\google\errorprone\error_prone_annotations\2.18.0\error_prone_annotations-2.18.0.jar;C:\Users\Archents\.m2\repository\com\google\j2objc\j2objc-annotations\2.8\j2objc-annotations-2.8.jar;C:\Users\Archents\.m2\repository\com\github\scribejava\scribejava-apis\8.3.3\scribejava-apis-8.3.3.jar;C:\Users\Archents\.m2\repository\com\github\scribejava\scribejava-core\8.3.3\scribejava-core-8.3.3.jar;C:\Users\Archents\.m2\repository\com\github\scribejava\scribejava-java8\8.3.3\scribejava-java8-8.3.3.jar;C:\Users\Archents\.m2\repository\org\testng\testng\7.9.0\testng-7.9.0.jar;C:\Users\Archents\.m2\repository\org\slf4j\slf4j-api\1.7.36\slf4j-api-1.7.36.jar;C:\Users\Archents\.m2\repository\com\beust\jcommander\1.82\jcommander-1.82.jar;C:\Users\Archents\.m2\repository\org\webjars\jquery\3.7.1\jquery-3.7.1.jar;C:\Users\Archents\.m2\repository\com\fasterxml\jackson\core\jackson-core\2.16.1\jackson-core-2.16.1.jar;C:\Users\Archents\.m2\repository\com\fasterxml\jackson\core\jackson-annotations\2.16.1\jackson-annotations-2.16.1.jar;C:\Users\Archents\.m2\repository\com\fasterxml\jackson\core\jackson-databind\2.16.1\jackson-databind-2.16.1.jar;C:\Users\Archents\.m2\repository\org\json\json\20240205\json-20240205.jar;C:\Users\Archents\.m2\repository\com\github\javafaker\javafaker\1.0.2\javafaker-1.0.2.jar;C:\Users\Archents\.m2\repository\org\yaml\snakeyaml\1.23\snakeyaml-1.23-android.jar;C:\Users\Archents\.m2\repository\com\github\mifmif\generex\1.0.2\generex-1.0.2.jar;C:\Users\Archents\.m2\repository\dk\brics\automaton\automaton\1.11-8\automaton-1.11-8.jar;C:\Users\Archents\.m2\repository\com\aventstack\extentreports\5.1.1\extentreports-5.1.1.jar;C:\Users\Archents\.m2\repository\io\reactivex\rxjava3\rxjava\3.1.6\rxjava-3.1.6.jar;C:\Users\Archents\.m2\repository\org\reactivestreams\reactive-streams\1.0.4\reactive-streams-1.0.4.jar;C:\Users\Archents\.m2\repository\org\freemarker\freemarker\2.3.32\freemarker-2.3.32.jar;C:\Users\Archents\.m2\repository\org\projectlombok\lombok\1.18.26\lombok-1.18.26.jar;C:\Users\Archents\.m2\repository\com\google\code\gson\gson\2.10.1\gson-2.10.1.jar;C:\Users\Archents\.m2\repository\org\apache\poi\poi\5.2.5\poi-5.2.5.jar;C:\Users\Archents\.m2\repository\commons-codec\commons-codec\1.16.0\commons-codec-1.16.0.jar;C:\Users\Archents\.m2\repository\org\apache\commons\commons-collections4\4.4\commons-collections4-4.4.jar;C:\Users\Archents\.m2\repository\org\apache\commons\commons-math3\3.6.1\commons-math3-3.6.1.jar;C:\Users\Archents\.m2\repository\commons-io\commons-io\2.15.0\commons-io-2.15.0.jar;C:\Users\Archents\.m2\repository\com\zaxxer\SparseBitSet\1.3\SparseBitSet-1.3.jar;C:\Users\Archents\.m2\repository\org\apache\poi\poi-ooxml\5.2.5\poi-ooxml-5.2.5.jar;C:\Users\Archents\.m2\repository\org\apache\poi\poi-ooxml-lite\5.2.5\poi-ooxml-lite-5.2.5.jar;C:\Users\Archents\.m2\repository\org\apache\xmlbeans\xmlbeans\5.2.0\xmlbeans-5.2.0.jar;C:\Users\Archents\.m2\repository\org\apache\commons\commons-compress\1.25.0\commons-compress-1.25.0.jar;C:\Users\Archents\.m2\repository\com\github\virtuald\curvesapi\1.08\curvesapi-1.08.jar;C:\Users\Archents\.m2\repository\org\apache\logging\log4j\log4j-api\2.23.1\log4j-api-2.23.1.jar;C:\Users\Archents\.m2\repository\org\apache\logging\log4j\log4j-core\2.23.1\log4j-core-2.23.1.jar;"/>
    <property name="sun.cpu.endian" value="little"/>
    <property name="user.home" value="C:\Users\Archents"/>
    <property name="user.language" value="en"/>
    <property name="java.specification.vendor" value="Oracle Corporation"/>
    <property name="java.version.date" value="2021-10-19"/>
    <property name="java.home" value="C:\Program Files\Java\jdk-11.0.13"/>
    <property name="file.separator" value="\"/>
    <property name="basedir" value="D:\DummyProj\PetStoreAutomation"/>
    <property name="java.vm.compressedOopsMode" value="Zero based"/>
    <property name="line.separator" value="&#10;"/>
    <property name="java.specification.name" value="Java Platform API Specification"/>
    <property name="java.vm.specification.vendor" value="Oracle Corporation"/>
    <property name="java.awt.graphicsenv" value="sun.awt.Win32GraphicsEnvironment"/>
    <property name="surefire.real.class.path" value="C:\Users\Archents\AppData\Local\Temp\surefire4179723974627216744\surefirebooter-20240608153212727_3.jar"/>
    <property name="user.script" value=""/>
    <property name="sun.management.compiler" value="HotSpot 64-Bit Tiered Compilers"/>
    <property name="java.runtime.version" value="11.0.13+10-LTS-370"/>
    <property name="user.name" value="Archents"/>
    <property name="path.separator" value=";"/>
    <property name="os.version" value="10.0"/>
    <property name="java.runtime.name" value="Java(TM) SE Runtime Environment"/>
    <property name="file.encoding" value="Cp1252"/>
    <property name="java.vm.name" value="Java HotSpot(TM) 64-Bit Server VM"/>
    <property name="java.vendor.version" value="18.9"/>
    <property name="localRepository" value="C:\Users\Archents\.m2\repository"/>
    <property name="java.vendor.url.bug" value="https://bugreport.java.com/bugreport/"/>
    <property name="java.io.tmpdir" value="C:\Users\Archents\AppData\Local\Temp\"/>
    <property name="java.version" value="11.0.13"/>
    <property name="user.dir" value="D:\DummyProj\PetStoreAutomation"/>
    <property name="os.arch" value="amd64"/>
    <property name="java.vm.specification.name" value="Java Virtual Machine Specification"/>
    <property name="java.awt.printerjob" value="sun.awt.windows.WPrinterJob"/>
    <property name="sun.os.patch.level" value=""/>
    <property name="java.library.path" value="C:\Program Files\Java\jdk-11.0.13\bin;C:\Windows\Sun\Java\bin;C:\Windows\system32;C:\Windows;C:\Program Files\Python311\Scripts\;C:\Program Files\Python311\;C:\Program Files\Common Files\Oracle\Java\javapath;C:\Windows\system32;C:\Windows;C:\Windows\System32\Wbem;C:\Windows\System32\WindowsPowerShell\v1.0\;C:\Windows\System32\OpenSSH\;C:\Program Files\Java\jdk-11.0.13\bin;D:\apache-maven-3.9.7\bin;C:\Program Files\Git\cmd;C:\Program Files\node-v18.16.0-win-x64\node;C:\Users\Archents\AppData\Local\Android\Sdk\tools\bin;C:\Users\Archents\AppData\Local\Android\Sdk\platform-tools;C:\Users\Archents\AppData\Local\Android\Sdk\tools;C:\Users\Archents\AppData\Local\Android\Sdk\;C:\Users\Archents\AppData\Local\Android\Sdk;C:\Program Files\dotnet\;C:\Users\Archents\AppData\Roaming\nvm;C:\Program Files\nodejs;C:\Users\Archents\AppData\Local\Microsoft\WindowsApps;C:\Program Files\JetBrains\IntelliJ IDEA Community Edition 2023.1.4\bin;;C:\Users\Archents\AppData\Local\Programs\Microsoft VS Code\bin;C:\Users\Archents\AppData\Roaming\npm;C:\Program Files\JetBrains\IntelliJ IDEA 2023.1.4\bin;;C:\Users\Archents\AppData\Roaming\nvm;C:\Program Files\nodejs;."/>
    <property name="java.vendor" value="Oracle Corporation"/>
    <property name="java.vm.info" value="mixed mode"/>
    <property name="java.vm.version" value="11.0.13+10-LTS-370"/>
    <property name="sun.io.unicode.encoding" value="UnicodeLittle"/>
    <property name="java.class.version" value="55.0"/>
  </properties>
  <testcase name="testPostUser" classname="api.test.UserTestCases2" time="2.831">
    <system-out><![CDATA[2024-06-08T10:02:14.223900700Z main DEBUG Apache Log4j Core 2.23 initializing configuration org.apache.logging.log4j.core.config.properties.PropertiesConfiguration@126f8f24
2024-06-08T10:02:14.226912800Z main DEBUG PluginManager 'Core' found 131 plugins
2024-06-08T10:02:14.226912800Z main DEBUG PluginManager 'Level' found 0 plugins
2024-06-08T10:02:14.230286100Z main DEBUG PluginManager 'Lookup' found 16 plugins
2024-06-08T10:02:14.232296200Z main DEBUG Building Plugin[name=AppenderRef, class=org.apache.logging.log4j.core.config.AppenderRef].
2024-06-08T10:02:14.246609900Z main DEBUG PluginManager 'TypeConverter' found 26 plugins
2024-06-08T10:02:14.252748100Z main DEBUG createAppenderRef(ref="Console", level="null", Filter=null)
2024-06-08T10:02:14.253668200Z main DEBUG Building Plugin[name=AppenderRef, class=org.apache.logging.log4j.core.config.AppenderRef].
2024-06-08T10:02:14.253866800Z main DEBUG createAppenderRef(ref="File", level="null", Filter=null)
2024-06-08T10:02:14.253866800Z main DEBUG Building Plugin[name=root, class=org.apache.logging.log4j.core.config.LoggerConfig$RootLogger].
2024-06-08T10:02:14.260654300Z main DEBUG LoggerConfig$RootLogger$Builder(additivity="null", level="DEBUG", levelAndRefs="null", includeLocation="null", ={Console, File}, ={}, Configuration, Filter=null)
2024-06-08T10:02:14.263327900Z main DEBUG Building Plugin[name=loggers, class=org.apache.logging.log4j.core.config.LoggersPlugin].
2024-06-08T10:02:14.264360300Z main DEBUG createLoggers(={root})
2024-06-08T10:02:14.265356300Z main DEBUG Building Plugin[name=layout, class=org.apache.logging.log4j.core.layout.PatternLayout].
2024-06-08T10:02:14.266046700Z main DEBUG PatternLayout$Builder(pattern="%d{HH:mm:ss.SSS} [%t] %-5level %logger{36} - %msg%n", PatternSelector=null, Configuration, Replace=null, charset="null", alwaysWriteExceptions="null", disableAnsi="null", noConsoleNoAnsi="null", header="null", footer="null")
2024-06-08T10:02:14.266046700Z main DEBUG PluginManager 'Converter' found 45 plugins
2024-06-08T10:02:14.267133Z main DEBUG Building Plugin[name=SizeBasedTriggeringPolicy, class=org.apache.logging.log4j.core.appender.rolling.SizeBasedTriggeringPolicy].
2024-06-08T10:02:14.270143600Z main DEBUG createPolicy(size="50MB")
2024-06-08T10:02:14.271757800Z main DEBUG Building Plugin[name=Policies, class=org.apache.logging.log4j.core.appender.rolling.CompositeTriggeringPolicy].
2024-06-08T10:02:14.271757800Z main DEBUG createPolicy(={SizeBasedTriggeringPolicy(size=52428800)})
2024-06-08T10:02:14.271757800Z main DEBUG Building Plugin[name=appender, class=org.apache.logging.log4j.core.appender.RollingFileAppender].
2024-06-08T10:02:14.278762900Z main DEBUG RollingFileAppender$Builder(fileName="./Logs/RestAPI.log", filePattern="./Logs/automation-%d{yyyy-MM-dd}.log", append="null", locking="null", Policies(CompositeTriggeringPolicy(policies=[SizeBasedTriggeringPolicy(size=52428800)])), Strategy=null, advertise="null", advertiseUri="null", createOnDemand="null", filePermissions="null", fileOwner="null", fileGroup="null", bufferedIo="null", bufferSize="null", immediateFlush="null", ignoreExceptions="null", PatternLayout(%d{HH:mm:ss.SSS} [%t] %-5level %logger{36} - %msg%n), name="File", Configuration, Filter=null, ={})
2024-06-08T10:02:14.292640800Z main DEBUG Returning file creation time for D:\DummyProj\PetStoreAutomation\.\Logs\RestAPI.log
2024-06-08T10:02:14.292640800Z main DEBUG Starting RollingFileManager ./Logs/RestAPI.log
2024-06-08T10:02:14.293546900Z main DEBUG PluginManager 'FileConverter' found 2 plugins
2024-06-08T10:02:14.302367900Z main DEBUG Setting prev file time to 2024-06-08T13:51:55.497+0530
2024-06-08T10:02:14.302367900Z main DEBUG Initializing triggering policy CompositeTriggeringPolicy(policies=[SizeBasedTriggeringPolicy(size=52428800)])
2024-06-08T10:02:14.302367900Z main DEBUG Initializing triggering policy SizeBasedTriggeringPolicy(size=52428800)
2024-06-08T10:02:14.302367900Z main DEBUG Building Plugin[name=layout, class=org.apache.logging.log4j.core.layout.PatternLayout].
2024-06-08T10:02:14.303531300Z main DEBUG PatternLayout$Builder(pattern="%d{HH:mm:ss.SSS} [%t] %-5level %logger{36} - %msg%n", PatternSelector=null, Configuration, Replace=null, charset="null", alwaysWriteExceptions="null", disableAnsi="null", noConsoleNoAnsi="null", header="null", footer="null")
2024-06-08T10:02:14.303531300Z main DEBUG Building Plugin[name=appender, class=org.apache.logging.log4j.core.appender.ConsoleAppender].
2024-06-08T10:02:14.305639100Z main DEBUG ConsoleAppender$Builder(target="SYSTEM_OUT", follow="null", direct="null", bufferedIo="null", bufferSize="null", immediateFlush="null", ignoreExceptions="null", PatternLayout(%d{HH:mm:ss.SSS} [%t] %-5level %logger{36} - %msg%n), name="Console", Configuration, Filter=null, ={})
2024-06-08T10:02:14.307533300Z main DEBUG Starting OutputStreamManager SYSTEM_OUT.false.false
2024-06-08T10:02:14.307533300Z main DEBUG Building Plugin[name=appenders, class=org.apache.logging.log4j.core.config.AppendersPlugin].
2024-06-08T10:02:14.307533300Z main DEBUG createAppenders(={File, Console})
2024-06-08T10:02:14.307533300Z main DEBUG Configuration org.apache.logging.log4j.core.config.properties.PropertiesConfiguration@126f8f24 initialized
2024-06-08T10:02:14.308619100Z main DEBUG Starting configuration org.apache.logging.log4j.core.config.properties.PropertiesConfiguration@126f8f24
2024-06-08T10:02:14.308619100Z main DEBUG Log4j2 ConfigurationScheduler starting 1 threads
2024-06-08T10:02:14.308619100Z main DEBUG Started configuration org.apache.logging.log4j.core.config.properties.PropertiesConfiguration@126f8f24 OK.
2024-06-08T10:02:14.308619100Z main DEBUG Shutting down OutputStreamManager SYSTEM_OUT.false.false-1
2024-06-08T10:02:14.308619100Z main DEBUG OutputStream closed
2024-06-08T10:02:14.310226500Z main DEBUG Shut down OutputStreamManager SYSTEM_OUT.false.false-1, all resources released: true
2024-06-08T10:02:14.310226500Z main DEBUG Appender DefaultConsole-1 stopped with status true
2024-06-08T10:02:14.310226500Z main DEBUG Stopped org.apache.logging.log4j.core.config.DefaultConfiguration@4ea17147 OK
2024-06-08T10:02:14.366714900Z main DEBUG Registering MBean org.apache.logging.log4j2:type=2cdf8d8a
2024-06-08T10:02:14.368940200Z main DEBUG Registering MBean org.apache.logging.log4j2:type=2cdf8d8a,component=StatusLogger
2024-06-08T10:02:14.370517400Z main DEBUG Registering MBean org.apache.logging.log4j2:type=2cdf8d8a,component=ContextSelector
2024-06-08T10:02:14.371451600Z main DEBUG Registering MBean org.apache.logging.log4j2:type=2cdf8d8a,component=Loggers,name=
2024-06-08T10:02:14.372457200Z main DEBUG Registering MBean org.apache.logging.log4j2:type=2cdf8d8a,component=Appenders,name=Console
2024-06-08T10:02:14.372457200Z main DEBUG Registering MBean org.apache.logging.log4j2:type=2cdf8d8a,component=Appenders,name=File
2024-06-08T10:02:14.374456700Z main DEBUG org.apache.logging.log4j.core.util.SystemClock supports precise timestamps.
2024-06-08T10:02:14.374456700Z main DEBUG Reconfiguration complete for context[name=2cdf8d8a] at URI D:\DummyProj\PetStoreAutomation\target\test-classes\Log4j2.properties (org.apache.logging.log4j.core.LoggerContext@4aaecabd) with optional ClassLoader: null
2024-06-08T10:02:14.374456700Z main DEBUG Shutdown hook enabled. Registering a new one.
2024-06-08T10:02:14.375455700Z main DEBUG LoggerContext[name=2cdf8d8a, org.apache.logging.log4j.core.LoggerContext@4aaecabd] started OK.
15:32:14.393 [main] INFO  api.test.UserTestCases2 - 
Creating user

HTTP/1.1 200 OK
Date: Sat, 08 Jun 2024 10:02:15 GMT
Content-Type: application/json
Transfer-Encoding: chunked
Connection: keep-alive
Access-Control-Allow-Origin: *
Access-Control-Allow-Methods: GET, POST, DELETE, PUT
Access-Control-Allow-Headers: Content-Type, api_key, Authorization
Server: Jetty(9.2.9.v20150224)

{
    "code": 200,
    "type": "unknown",
    "message": "756936249"
}
15:32:17.210 [main] INFO  api.test.UserTestCases2 - 
Created user

]]></system-out>
    <system-err><![CDATA[SLF4J: Failed to load class "org.slf4j.impl.StaticLoggerBinder".
SLF4J: Defaulting to no-operation (NOP) logger implementation
SLF4J: See http://www.slf4j.org/codes.html#StaticLoggerBinder for further details.
]]></system-err>
  </testcase>
  <testcase name="testGetUserByName" classname="api.test.UserTestCases2" time="1.353">
    <system-out><![CDATA[
User is fetched

HTTP/1.1 200 OK
Date: Sat, 08 Jun 2024 10:02:16 GMT
Content-Type: application/json
Transfer-Encoding: chunked
Connection: keep-alive
Access-Control-Allow-Origin: *
Access-Control-Allow-Methods: GET, POST, DELETE, PUT
Access-Control-Allow-Headers: Content-Type, api_key, Authorization
Server: Jetty(9.2.9.v20150224)

{
    "id": 756936249,
    "username": "donetta.zboncak",
    "firstName": "Ali",
    "lastName": "Swift",
    "email": "alonso.hessel@gmail.com",
    "password": "w58x0y496nlh8bk",
    "phone": "283-650-0610",
    "userStatus": 0
}
]]></system-out>
  </testcase>
  <testcase name="testPutUserByName" classname="api.test.UserTestCases2" time="2.612">
    <system-out><![CDATA[
User is updated

HTTP/1.1 200 OK
Date: Sat, 08 Jun 2024 10:02:18 GMT
Content-Type: application/json
Transfer-Encoding: chunked
Connection: keep-alive
Access-Control-Allow-Origin: *
Access-Control-Allow-Methods: GET, POST, DELETE, PUT
Access-Control-Allow-Headers: Content-Type, api_key, Authorization
Server: Jetty(9.2.9.v20150224)

{
    "code": 200,
    "type": "unknown",
    "message": "756936249"
}
{
    "code": 200,
    "type": "unknown",
    "message": "756936249"
}
{
    "id": 756936249,
    "username": "donetta.zboncak",
    "firstName": "Raymond",
    "lastName": "Wuckert",
    "email": "karlene.damore@gmail.com",
    "password": "w58x0y496nlh8bk",
    "phone": "283-650-0610",
    "userStatus": 0
}
]]></system-out>
  </testcase>
  <testcase name="testDeleteUserByName" classname="api.test.UserTestCases2" time="1.336">
    <system-out><![CDATA[
 User is deleted

{
    "code": 200,
    "type": "unknown",
    "message": "donetta.zboncak"
}
HTTP/1.1 200 OK
Date: Sat, 08 Jun 2024 10:02:20 GMT
Content-Type: application/json
Transfer-Encoding: chunked
Connection: keep-alive
Access-Control-Allow-Origin: *
Access-Control-Allow-Methods: GET, POST, DELETE, PUT
Access-Control-Allow-Headers: Content-Type, api_key, Authorization
Server: Jetty(9.2.9.v20150224)

{
    "code": 200,
    "type": "unknown",
    "message": "donetta.zboncak"
}
]]></system-out>
  </testcase>
</testsuite>