<?xml version="1.0" encoding="UTF-8"?>
<!-- Generated by org.testng.reporters.JUnitReportReporter -->
<testsuite hostname="DESKTOP-1B0JSGH" failures="0" tests="1" name="api.test.UserTestCases" time="2.710" errors="0" timestamp="2024-06-08T11:35:01 IST" skipped="0">
  <testcase classname="api.test.UserTestCases" name="testPostUser" time="2.710"/>
</testsuite> <!-- api.test.UserTestCases -->
