<?xml version="1.0" encoding="UTF-8"?>
<!-- Generated by org.testng.reporters.JUnitReportReporter -->
<testsuite hostname="DESKTOP-1B0JSGH" failures="0" tests="4" name="api.test.UserTestCases2" time="10.111" errors="0" timestamp="2024-06-08T13:45:04 IST" skipped="0">
  <testcase classname="api.test.UserTestCases2" name="testPostUser" time="3.758"/>
  <testcase classname="api.test.UserTestCases2" name="testGetUserByName" time="1.649"/>
  <testcase classname="api.test.UserTestCases2" name="testPutUserByName" time="3.090"/>
  <testcase classname="api.test.UserTestCases2" name="testDeleteUserByName" time="1.614"/>
</testsuite> <!-- api.test.UserTestCases2 -->
