<?xml version="1.0" encoding="UTF-8"?>
<!-- Generated by org.testng.reporters.JUnitReportReporter -->
<testsuite hostname="DESKTOP-1B0JSGH" failures="0" tests="8" name="api.test.DataDrivenTests" time="12.039" errors="0" timestamp="2024-06-07T23:24:39 IST" skipped="0">
  <testcase classname="api.test.DataDrivenTests" name="testPostUser" time="1.340"/>
  <testcase classname="api.test.DataDrivenTests" name="testPostUser" time="2.723"/>
  <testcase classname="api.test.DataDrivenTests" name="testPostUser" time="1.267"/>
  <testcase classname="api.test.DataDrivenTests" name="testPostUser" time="1.300"/>
  <testcase classname="api.test.DataDrivenTests" name="testDeleteUserByName" time="1.392"/>
  <testcase classname="api.test.DataDrivenTests" name="testDeleteUserByName" time="1.297"/>
  <testcase classname="api.test.DataDrivenTests" name="testDeleteUserByName" time="1.377"/>
  <testcase classname="api.test.DataDrivenTests" name="testDeleteUserByName" time="1.343"/>
</testsuite> <!-- api.test.DataDrivenTests -->
