<?xml version="1.0" encoding="UTF-8"?>
<!-- Generated by org.testng.reporters.JUnitReportReporter -->
<testsuite hostname="DESKTOP-1B0JSGH" failures="0" tests="4" name="api.test.UserTestCases2" time="8.125" errors="0" timestamp="2024-06-08T15:32:22 IST" skipped="0">
  <testcase classname="api.test.UserTestCases2" name="testPostUser" time="2.825"/>
  <testcase classname="api.test.UserTestCases2" name="testGetUserByName" time="1.355"/>
  <testcase classname="api.test.UserTestCases2" name="testPutUserByName" time="2.611"/>
  <testcase classname="api.test.UserTestCases2" name="testDeleteUserByName" time="1.334"/>
</testsuite> <!-- api.test.UserTestCases2 -->
